<?xml version="1.0" encoding="UTF-8"?>
<!-- Generated by org.testng.reporters.JUnitXMLReporter -->
<testsuite ignored="3" hostname="Sudhir" failures="1" tests="2" name="Default test(failed)" time="0.243" errors="0" timestamp="2022-07-27T12:01:49 IST">
  <testcase classname="TestNGkeyword.TimeoutStudy" name="a" time="0.137">
    <failure type="org.testng.internal.thread.ThreadTimeoutException" message="Method TestNGkeyword.TimeoutStudy.a() didn&amp;apos;t finish within the time-out 100">
      <![CDATA[org.testng.internal.thread.ThreadTimeoutException: Method TestNGkeyword.TimeoutStudy.a() didn't finish within the time-out 100
at java.base/java.util.ArrayList.forEach(ArrayList.java:1541)
... Removed 24 stack frames]]>
    </failure>
  </testcase> <!-- a -->
  <testcase classname="TestNGkeyword.TimeoutStudy" name="c" time="0.005"/>
  <testcase classname="TestNGkeyword.TimeoutStudy" name="b" time="0.0">
    <ignored/>
  </testcase> <!-- b -->
  <testcase classname="TestNGkeyword.TimeoutStudy" name="d" time="0.0">
    <ignored/>
  </testcase> <!-- d -->
  <testcase classname="TestNGkeyword.TimeoutStudy" name="e" time="0.0">
    <ignored/>
  </testcase> <!-- e -->
</testsuite> <!-- Default test(failed) -->
