<?xml version="1.0" encoding="UTF-8"?>
<!-- Generated by org.testng.reporters.JUnitXMLReporter -->
<testsuite ignored="1" hostname="Sudhir" failures="0" tests="17" name="Test" time="0.732" errors="0" timestamp="2022-08-14T16:36:05 IST">
  <testcase classname="TestNGkeyword.EnabledStudy" name="b" time="0.032"/>
  <testcase classname="TestNGkeyword.EnabledStudy" name="d" time="0.003"/>
  <testcase classname="TestNGkeyword.EnabledStudy" name="e" time="0.004"/>
  <testcase classname="TestNGkeyword.EnabledStudy" name="c" time="0.025"/>
  <testcase classname="TestNGkeyword.TimeoutStudy" name="b" time="0.008"/>
  <testcase classname="TestNGkeyword.TimeoutStudy" name="a" time="0.035"/>
  <testcase classname="TestNGkeyword.TimeoutStudy" name="c" time="0.038"/>
  <testcase classname="TestNGkeyword.TimeoutStudy" name="d" time="0.008"/>
  <testcase classname="TestNGkeyword.TimeoutStudy" name="e" time="0.006"/>
  <testcase classname="TestNGkeyword.InvocationCount_Study" name="demo" time="0.009"/>
  <testcase classname="TestNGkeyword.InvocationCount_Study" name="demo" time="0.005"/>
  <testcase classname="TestNGkeyword.InvocationCount_Study" name="demo" time="0.015"/>
  <testcase classname="TestNGkeyword.InvocationCount_Study" name="myMethod" time="0.012"/>
  <testcase classname="TestNGkeyword.InvocationCount_Study" name="myMethod" time="0.01"/>
  <testcase classname="TestNGkeyword.InvocationCount_Study" name="myMethod" time="0.002"/>
  <testcase classname="TestNGkeyword.InvocationCount_Study" name="myMethod" time="0.003"/>
  <testcase classname="TestNGkeyword.InvocationCount_Study" name="myMethod" time="0.003"/>
  <testcase classname="TestNGkeyword.EnabledStudy" name="a" time="0.0">
    <ignored/>
  </testcase> <!-- a -->
</testsuite> <!-- Test -->
