<?xml version="1.0" encoding="UTF-8"?>
<!-- Generated by org.testng.reporters.JUnitXMLReporter -->
<testsuite ignored="4" hostname="Sudhir" failures="0" tests="1" name="Default test(failed)(failed)" time="0.103" errors="0" timestamp="2022-07-27T12:02:51 IST">
  <testcase classname="TestNGkeyword.TimeoutStudy" name="a" time="0.022"/>
  <testcase classname="TestNGkeyword.TimeoutStudy" name="b" time="0.0">
    <ignored/>
  </testcase> <!-- b -->
  <testcase classname="TestNGkeyword.TimeoutStudy" name="d" time="0.0">
    <ignored/>
  </testcase> <!-- d -->
  <testcase classname="TestNGkeyword.TimeoutStudy" name="c" time="0.0">
    <ignored/>
  </testcase> <!-- c -->
  <testcase classname="TestNGkeyword.TimeoutStudy" name="e" time="0.0">
    <ignored/>
  </testcase> <!-- e -->
</testsuite> <!-- Default test(failed)(failed) -->
