<?xml version="1.0" encoding="UTF-8"?>
<testng-results ignored="1" total="13" passed="12" failed="0" skipped="0">
  <reporter-output>
    <line>
      <![CDATA[TC execution is start  b]]>
    </line>
    <line>
      <![CDATA[i am B method]]>
    </line>
    <line>
      <![CDATA[TC execution is Successfull  b]]>
    </line>
    <line>
      <![CDATA[TC execution is start  d]]>
    </line>
    <line>
      <![CDATA[i am D method]]>
    </line>
    <line>
      <![CDATA[TC execution is Successfull  d]]>
    </line>
    <line>
      <![CDATA[TC execution is start  e]]>
    </line>
    <line>
      <![CDATA[i am E method]]>
    </line>
    <line>
      <![CDATA[TC execution is Successfull  e]]>
    </line>
    <line>
      <![CDATA[TC execution is start  c]]>
    </line>
    <line>
      <![CDATA[i am C method]]>
    </line>
    <line>
      <![CDATA[TC execution is Successfull  c]]>
    </line>
    <line>
      <![CDATA[TC execution is start  demo]]>
    </line>
    <line>
      <![CDATA[demo is running]]>
    </line>
    <line>
      <![CDATA[TC execution is Successfull  demo]]>
    </line>
    <line>
      <![CDATA[TC execution is start  demo]]>
    </line>
    <line>
      <![CDATA[demo is running]]>
    </line>
    <line>
      <![CDATA[TC execution is Successfull  demo]]>
    </line>
    <line>
      <![CDATA[TC execution is start  demo]]>
    </line>
    <line>
      <![CDATA[demo is running]]>
    </line>
    <line>
      <![CDATA[TC execution is Successfull  demo]]>
    </line>
    <line>
      <![CDATA[TC execution is start  myMethod]]>
    </line>
    <line>
      <![CDATA[my method is runnung]]>
    </line>
    <line>
      <![CDATA[TC execution is Successfull  myMethod]]>
    </line>
    <line>
      <![CDATA[TC execution is start  myMethod]]>
    </line>
    <line>
      <![CDATA[my method is runnung]]>
    </line>
    <line>
      <![CDATA[TC execution is Successfull  myMethod]]>
    </line>
    <line>
      <![CDATA[TC execution is start  myMethod]]>
    </line>
    <line>
      <![CDATA[my method is runnung]]>
    </line>
    <line>
      <![CDATA[TC execution is Successfull  myMethod]]>
    </line>
    <line>
      <![CDATA[TC execution is start  myMethod]]>
    </line>
    <line>
      <![CDATA[my method is runnung]]>
    </line>
    <line>
      <![CDATA[TC execution is Successfull  myMethod]]>
    </line>
    <line>
      <![CDATA[TC execution is start  myMethod]]>
    </line>
    <line>
      <![CDATA[my method is runnung]]>
    </line>
    <line>
      <![CDATA[TC execution is Successfull  myMethod]]>
    </line>
  </reporter-output>
  <suite started-at="2022-08-14T16:29:34 IST" name="Suite" finished-at="2022-08-14T16:29:34 IST" duration-ms="425">
    <groups>
    </groups>
    <test started-at="2022-08-14T16:29:34 IST" name="Test" finished-at="2022-08-14T16:29:34 IST" duration-ms="425">
      <class name="TestNGListener.EnabledStudy">
        <test-method signature="b()[pri:-1, instance:TestNGListener.EnabledStudy@53ce1329]" started-at="2022-08-14T16:29:34 IST" name="b" finished-at="2022-08-14T16:29:34 IST" duration-ms="21" status="PASS">
          <reporter-output>
            <line>
              <![CDATA[TC execution is start  b]]>
            </line>
            <line>
              <![CDATA[i am B method]]>
            </line>
            <line>
              <![CDATA[TC execution is Successfull  b]]>
            </line>
          </reporter-output>
        </test-method> <!-- b -->
        <test-method signature="d()[pri:0, instance:TestNGListener.EnabledStudy@53ce1329]" started-at="2022-08-14T16:29:34 IST" name="d" finished-at="2022-08-14T16:29:34 IST" duration-ms="6" status="PASS">
          <reporter-output>
            <line>
              <![CDATA[TC execution is start  d]]>
            </line>
            <line>
              <![CDATA[i am D method]]>
            </line>
            <line>
              <![CDATA[TC execution is Successfull  d]]>
            </line>
          </reporter-output>
        </test-method> <!-- d -->
        <test-method signature="e()[pri:0, instance:TestNGListener.EnabledStudy@53ce1329]" started-at="2022-08-14T16:29:34 IST" name="e" finished-at="2022-08-14T16:29:34 IST" duration-ms="4" status="PASS">
          <reporter-output>
            <line>
              <![CDATA[TC execution is start  e]]>
            </line>
            <line>
              <![CDATA[i am E method]]>
            </line>
            <line>
              <![CDATA[TC execution is Successfull  e]]>
            </line>
          </reporter-output>
        </test-method> <!-- e -->
        <test-method signature="c()[pri:1, instance:TestNGListener.EnabledStudy@53ce1329]" started-at="2022-08-14T16:29:34 IST" name="c" finished-at="2022-08-14T16:29:34 IST" duration-ms="20" status="PASS">
          <reporter-output>
            <line>
              <![CDATA[TC execution is start  c]]>
            </line>
            <line>
              <![CDATA[i am C method]]>
            </line>
            <line>
              <![CDATA[TC execution is Successfull  c]]>
            </line>
          </reporter-output>
        </test-method> <!-- c -->
      </class> <!-- TestNGListener.EnabledStudy -->
      <class name="TestNGListener.InvocationCount_Study">
        <test-method signature="demo()[pri:0, instance:TestNGListener.InvocationCount_Study@1b11171f]" started-at="2022-08-14T16:29:34 IST" name="demo" finished-at="2022-08-14T16:29:34 IST" duration-ms="5" status="PASS">
          <reporter-output>
            <line>
              <![CDATA[TC execution is start  demo]]>
            </line>
            <line>
              <![CDATA[demo is running]]>
            </line>
            <line>
              <![CDATA[TC execution is Successfull  demo]]>
            </line>
          </reporter-output>
        </test-method> <!-- demo -->
        <test-method signature="demo()[pri:0, instance:TestNGListener.InvocationCount_Study@1b11171f]" started-at="2022-08-14T16:29:34 IST" name="demo" finished-at="2022-08-14T16:29:34 IST" duration-ms="33" status="PASS">
          <reporter-output>
            <line>
              <![CDATA[TC execution is start  demo]]>
            </line>
            <line>
              <![CDATA[demo is running]]>
            </line>
            <line>
              <![CDATA[TC execution is Successfull  demo]]>
            </line>
          </reporter-output>
        </test-method> <!-- demo -->
        <test-method signature="demo()[pri:0, instance:TestNGListener.InvocationCount_Study@1b11171f]" started-at="2022-08-14T16:29:34 IST" name="demo" finished-at="2022-08-14T16:29:34 IST" duration-ms="11" status="PASS">
          <reporter-output>
            <line>
              <![CDATA[TC execution is start  demo]]>
            </line>
            <line>
              <![CDATA[demo is running]]>
            </line>
            <line>
              <![CDATA[TC execution is Successfull  demo]]>
            </line>
          </reporter-output>
        </test-method> <!-- demo -->
        <test-method signature="myMethod()[pri:0, instance:TestNGListener.InvocationCount_Study@1b11171f]" started-at="2022-08-14T16:29:34 IST" name="myMethod" finished-at="2022-08-14T16:29:34 IST" duration-ms="11" status="PASS">
          <reporter-output>
            <line>
              <![CDATA[TC execution is start  myMethod]]>
            </line>
            <line>
              <![CDATA[my method is runnung]]>
            </line>
            <line>
              <![CDATA[TC execution is Successfull  myMethod]]>
            </line>
          </reporter-output>
        </test-method> <!-- myMethod -->
        <test-method signature="myMethod()[pri:0, instance:TestNGListener.InvocationCount_Study@1b11171f]" started-at="2022-08-14T16:29:34 IST" name="myMethod" finished-at="2022-08-14T16:29:34 IST" duration-ms="9" status="PASS">
          <reporter-output>
            <line>
              <![CDATA[TC execution is start  myMethod]]>
            </line>
            <line>
              <![CDATA[my method is runnung]]>
            </line>
            <line>
              <![CDATA[TC execution is Successfull  myMethod]]>
            </line>
          </reporter-output>
        </test-method> <!-- myMethod -->
        <test-method signature="myMethod()[pri:0, instance:TestNGListener.InvocationCount_Study@1b11171f]" started-at="2022-08-14T16:29:34 IST" name="myMethod" finished-at="2022-08-14T16:29:34 IST" duration-ms="12" status="PASS">
          <reporter-output>
            <line>
              <![CDATA[TC execution is start  myMethod]]>
            </line>
            <line>
              <![CDATA[my method is runnung]]>
            </line>
            <line>
              <![CDATA[TC execution is Successfull  myMethod]]>
            </line>
          </reporter-output>
        </test-method> <!-- myMethod -->
        <test-method signature="myMethod()[pri:0, instance:TestNGListener.InvocationCount_Study@1b11171f]" started-at="2022-08-14T16:29:34 IST" name="myMethod" finished-at="2022-08-14T16:29:34 IST" duration-ms="17" status="PASS">
          <reporter-output>
            <line>
              <![CDATA[TC execution is start  myMethod]]>
            </line>
            <line>
              <![CDATA[my method is runnung]]>
            </line>
            <line>
              <![CDATA[TC execution is Successfull  myMethod]]>
            </line>
          </reporter-output>
        </test-method> <!-- myMethod -->
        <test-method signature="myMethod()[pri:0, instance:TestNGListener.InvocationCount_Study@1b11171f]" started-at="2022-08-14T16:29:34 IST" name="myMethod" finished-at="2022-08-14T16:29:34 IST" duration-ms="3" status="PASS">
          <reporter-output>
            <line>
              <![CDATA[TC execution is start  myMethod]]>
            </line>
            <line>
              <![CDATA[my method is runnung]]>
            </line>
            <line>
              <![CDATA[TC execution is Successfull  myMethod]]>
            </line>
          </reporter-output>
        </test-method> <!-- myMethod -->
      </class> <!-- TestNGListener.InvocationCount_Study -->
    </test> <!-- Test -->
  </suite> <!-- Suite -->
</testng-results>
